Flutter crash report.
Please report a bug at https://github.com/flutter/flutter/issues.

## command

flutter run -d web-server --web-hostname 127.0.0.1 --web-port 7357

## exception

RPCError: ext.flutter.debugDumpRenderTree: (-32603) Unexpected DWDS error for callServiceExtension: Bad state: No clients available for service extension

```
#0      new _OutstandingRequest (package:vm_service/src/vm_service.dart:268:34)
#1      VmService._call.<anonymous closure> (package:vm_service/src/vm_service.dart:1950:25)
#2      VmService._call (package:vm_service/src/vm_service.dart:1962:8)
#3      VmService.callServiceExtension (package:vm_service/src/vm_service.dart:1901:14)
#4      FlutterVmService._checkedCallServiceExtension (package:flutter_tools/src/vmservice.dart:771:28)
#5      FlutterVmService.invokeFlutterExtensionRpcRaw (package:flutter_tools/src/vmservice.dart:790:49)
#6      FlutterVmService.flutterDebugDumpRenderTree (package:flutter_tools/src/vmservice.dart:585:50)
#7      ResidentHandlers.debugDumpRenderTree (package:flutter_tools/src/resident_runner.dart:738:53)
<asynchronous suspension>
#8      TerminalHandler.processTerminalInput (package:flutter_tools/src/resident_runner.dart:1906:7)
<asynchronous suspension>
```

## flutter doctor

```
[32m[✓][39m Flutter (Channel stable, 3.41.4, on macOS 26.3.1 25D771280a darwin-arm64, locale en-US) [360ms]
    [32m•[39m Flutter version 3.41.4 on channel stable at /opt/homebrew/share/flutter
    [32m•[39m Upstream repository https://github.com/flutter/flutter.git
    [32m•[39m Framework revision ff37bef603 (6 weeks ago), 2026-03-03 16:03:22 -0800
    [32m•[39m Engine revision e4b8dca3f1
    [32m•[39m Dart version 3.11.1
    [32m•[39m DevTools version 2.54.1
    [32m•[39m Feature flags: enable-web, enable-linux-desktop, enable-macos-desktop, enable-windows-desktop, enable-android,
      enable-ios, cli-animations, enable-native-assets, omit-legacy-version-file, enable-lldb-debugging,
      enable-uiscene-migration

[32m[✓][39m Android toolchain - develop for Android devices (Android SDK version 36.1.0) [2.6s]
    [32m•[39m Android SDK at /Users/lexemm/Library/Android/sdk
    [32m•[39m Emulator version 36.4.9.0 (build_id 14788078) (CL:N/A)
    [32m•[39m Platform android-36.1, build-tools 36.1.0
    [32m•[39m Java binary at: /Applications/Android Studio.app/Contents/jbr/Contents/Home/bin/java
      This is the JDK bundled with the latest Android Studio installation on this machine.
      To manually set the JDK path, use: `flutter config --jdk-dir="path/to/jdk"`.
    [32m•[39m Java version OpenJDK Runtime Environment (build 21.0.9+-14787801-b1163.94)
    [32m•[39m All Android licenses accepted.

[32m[✓][39m Xcode - develop for iOS and macOS (Xcode 26.3) [1,150ms]
    [32m•[39m Xcode at /Applications/Xcode.app/Contents/Developer
    [32m•[39m Build 17C529
    [32m•[39m CocoaPods version 1.16.2

[32m[✓][39m Chrome - develop for the web [3ms]
    [32m•[39m Chrome at /Applications/Google Chrome.app/Contents/MacOS/Google Chrome

[32m[✓][39m Connected device (6 available) [6.3s]
    [32m•[39m TECNO CLA5 (mobile)              • 12775374AC103418          • android-arm64  • Android 15 (API 35)
    [32m•[39m Man’s iPhone (wireless) (mobile) • 00008030-000125E12ED3802E • ios            • iOS 26.3.1 23D771330a
    [32m•[39m Lex’s iPhone (mobile)            • 00008150-001558D61AB8401C • ios            • iOS 26.4 23E246
    [32m•[39m macOS (desktop)                  • macos                     • darwin-arm64   • macOS 26.3.1 25D771280a
      darwin-arm64
    [32m•[39m Web Server (web)                 • web-server                • web-javascript • Flutter Tools
    [32m•[39m Chrome (web)                     • chrome                    • web-javascript • Google Chrome 146.0.7680.178

[32m[✓][39m Network resources [1,072ms]
    [32m•[39m All expected network resources are available.

[32m•[39m No issues found!
```
